Determining if the pthread_create exist failed with the following output:
Change Dir: /home/gabe/Desktop/Operating Systems/philoBase/cmake-build-debug/CMakeFiles/CMakeTmp

Run Build Command:"/usr/bin/make" "cmTC_c7ab2/fast"
/usr/bin/make -f CMakeFiles/cmTC_c7ab2.dir/build.make CMakeFiles/cmTC_c7ab2.dir/build
make[1]: Entering directory '/home/gabe/Desktop/Operating Systems/philoBase/cmake-build-debug/CMakeFiles/CMakeTmp'
Building C object CMakeFiles/cmTC_c7ab2.dir/CheckSymbolExists.c.o
/usr/bin/cc   -D_FILE_OFFSET_BITS=64    -std=gnu11 -o CMakeFiles/cmTC_c7ab2.dir/CheckSymbolExists.c.o   -c "/home/gabe/Desktop/Operating Systems/philoBase/cmake-build-debug/CMakeFiles/CMakeTmp/CheckSymbolExists.c"
Linking C executable cmTC_c7ab2
/snap/clion/61/bin/cmake/linux/bin/cmake -E cmake_link_script CMakeFiles/cmTC_c7ab2.dir/link.txt --verbose=1
/usr/bin/cc  -D_FILE_OFFSET_BITS=64     CMakeFiles/cmTC_c7ab2.dir/CheckSymbolExists.c.o  -o cmTC_c7ab2 
/usr/bin/ld: CMakeFiles/cmTC_c7ab2.dir/CheckSymbolExists.c.o: in function `main':
CheckSymbolExists.c:(.text+0x1b): undefined reference to `pthread_create'
collect2: error: ld returned 1 exit status
make[1]: *** [CMakeFiles/cmTC_c7ab2.dir/build.make:87: cmTC_c7ab2] Error 1
make[1]: Leaving directory '/home/gabe/Desktop/Operating Systems/philoBase/cmake-build-debug/CMakeFiles/CMakeTmp'
make: *** [Makefile:121: cmTC_c7ab2/fast] Error 2

File /home/gabe/Desktop/Operating Systems/philoBase/cmake-build-debug/CMakeFiles/CMakeTmp/CheckSymbolExists.c:
/* */
#include <pthread.h>

int main(int argc, char** argv)
{
  (void)argv;
#ifndef pthread_create
  return ((int*)(&pthread_create))[argc];
#else
  (void)argc;
  return 0;
#endif
}

Determining if the function pthread_create exists in the pthreads failed with the following output:
Change Dir: /home/gabe/Desktop/Operating Systems/philoBase/cmake-build-debug/CMakeFiles/CMakeTmp

Run Build Command:"/usr/bin/make" "cmTC_670b1/fast"
/usr/bin/make -f CMakeFiles/cmTC_670b1.dir/build.make CMakeFiles/cmTC_670b1.dir/build
make[1]: Entering directory '/home/gabe/Desktop/Operating Systems/philoBase/cmake-build-debug/CMakeFiles/CMakeTmp'
Building C object CMakeFiles/cmTC_670b1.dir/CheckFunctionExists.c.o
/usr/bin/cc   -D_FILE_OFFSET_BITS=64 -DCHECK_FUNCTION_EXISTS=pthread_create   -std=gnu11 -o CMakeFiles/cmTC_670b1.dir/CheckFunctionExists.c.o   -c /snap/clion/61/bin/cmake/linux/share/cmake-3.13/Modules/CheckFunctionExists.c
Linking C executable cmTC_670b1
/snap/clion/61/bin/cmake/linux/bin/cmake -E cmake_link_script CMakeFiles/cmTC_670b1.dir/link.txt --verbose=1
/usr/bin/cc  -D_FILE_OFFSET_BITS=64 -DCHECK_FUNCTION_EXISTS=pthread_create    CMakeFiles/cmTC_670b1.dir/CheckFunctionExists.c.o  -o cmTC_670b1 -lpthreads 
/usr/bin/ld: cannot find -lpthreads
collect2: error: ld returned 1 exit status
make[1]: *** [CMakeFiles/cmTC_670b1.dir/build.make:87: cmTC_670b1] Error 1
make[1]: Leaving directory '/home/gabe/Desktop/Operating Systems/philoBase/cmake-build-debug/CMakeFiles/CMakeTmp'
make: *** [Makefile:121: cmTC_670b1/fast] Error 2


